<?xml version="1.0" encoding="UTF-8"?>
<testsuite name="com.example.teamsync.TeamsyncApplicationTests" tests="1" skipped="0" failures="0" errors="0" timestamp="2024-08-13T06:06:46" hostname="sysadmin-OptiPlex-3020" time="0.455">
  <properties/>
  <testcase name="contextLoads()" classname="com.example.teamsync.TeamsyncApplicationTests" time="0.455"/>
  <system-out><![CDATA[11:36:37.371 [Test worker] INFO org.springframework.test.context.support.AnnotationConfigContextLoaderUtils -- Could not detect default configuration classes for test class [com.example.teamsync.TeamsyncApplicationTests]: TeamsyncApplicationTests does not declare any static, non-private, non-final, nested classes annotated with @Configuration.
11:36:37.449 [Test worker] INFO org.springframework.boot.test.context.SpringBootTestContextBootstrapper -- Found @SpringBootConfiguration com.example.teamsync.TeamsyncApplication for test class com.example.teamsync.TeamsyncApplicationTests

  .   ____          _            __ _ _
 /\\ / ___'_ __ _ _(_)_ __  __ _ \ \ \ \
( ( )\___ | '_ | '_| | '_ \/ _` | \ \ \ \
 \\/  ___)| |_)| | | | | || (_| |  ) ) ) )
  '  |____| .__|_| |_|_| |_\__, | / / / /
 =========|_|==============|___/=/_/_/_/

 :: Spring Boot ::                (v3.3.2)

2024-08-13T11:36:37.815+05:30  INFO 8933 --- [teamsync] [    Test worker] c.e.teamsync.TeamsyncApplicationTests    : Starting TeamsyncApplicationTests using Java 22.0.2 with PID 8933 (started by user1 in /home/user1/IdeaProjects/teamsync)
2024-08-13T11:36:37.817+05:30  INFO 8933 --- [teamsync] [    Test worker] c.e.teamsync.TeamsyncApplicationTests    : No active profile set, falling back to 1 default profile: "default"
2024-08-13T11:36:38.375+05:30  INFO 8933 --- [teamsync] [    Test worker] .s.d.r.c.RepositoryConfigurationDelegate : Bootstrapping Spring Data JPA repositories in DEFAULT mode.
2024-08-13T11:36:38.425+05:30  INFO 8933 --- [teamsync] [    Test worker] .s.d.r.c.RepositoryConfigurationDelegate : Finished Spring Data repository scanning in 44 ms. Found 3 JPA repository interfaces.
2024-08-13T11:36:38.806+05:30  INFO 8933 --- [teamsync] [    Test worker] o.hibernate.jpa.internal.util.LogHelper  : HHH000204: Processing PersistenceUnitInfo [name: default]
2024-08-13T11:36:38.848+05:30  INFO 8933 --- [teamsync] [    Test worker] org.hibernate.Version                    : HHH000412: Hibernate ORM core version 6.5.2.Final
2024-08-13T11:36:38.875+05:30  INFO 8933 --- [teamsync] [    Test worker] o.h.c.internal.RegionFactoryInitiator    : HHH000026: Second-level cache disabled
2024-08-13T11:36:39.124+05:30  INFO 8933 --- [teamsync] [    Test worker] o.s.o.j.p.SpringPersistenceUnitInfo      : No LoadTimeWeaver setup: ignoring JPA class transformer
2024-08-13T11:36:39.143+05:30  INFO 8933 --- [teamsync] [    Test worker] com.zaxxer.hikari.HikariDataSource       : HikariPool-1 - Starting...
2024-08-13T11:36:42.818+05:30  INFO 8933 --- [teamsync] [    Test worker] com.zaxxer.hikari.pool.HikariPool        : HikariPool-1 - Added connection com.mysql.cj.jdbc.ConnectionImpl@5a51336a
2024-08-13T11:36:42.821+05:30  INFO 8933 --- [teamsync] [    Test worker] com.zaxxer.hikari.HikariDataSource       : HikariPool-1 - Start completed.
2024-08-13T11:36:43.056+05:30  WARN 8933 --- [teamsync] [    Test worker] org.hibernate.dialect.Dialect            : HHH000511: The 5.5.62 version for [org.hibernate.dialect.MySQLDialect] is no longer supported, hence certain features may not work properly. The minimum supported version is 8.0.0. Check the community dialects project for available legacy versions.
2024-08-13T11:36:43.653+05:30  INFO 8933 --- [teamsync] [    Test worker] o.h.e.t.j.p.i.JtaPlatformInitiator       : HHH000489: No JTA platform available (set 'hibernate.transaction.jta.platform' to enable JTA platform integration)
2024-08-13T11:36:45.701+05:30  INFO 8933 --- [teamsync] [    Test worker] j.LocalContainerEntityManagerFactoryBean : Initialized JPA EntityManagerFactory for persistence unit 'default'
2024-08-13T11:36:46.056+05:30  WARN 8933 --- [teamsync] [    Test worker] JpaBaseConfiguration$JpaWebConfiguration : spring.jpa.open-in-view is enabled by default. Therefore, database queries may be performed during view rendering. Explicitly configure spring.jpa.open-in-view to disable this warning
2024-08-13T11:36:46.083+05:30  INFO 8933 --- [teamsync] [    Test worker] o.s.b.a.w.s.WelcomePageHandlerMapping    : Adding welcome page: class path resource [static/index.html]
2024-08-13T11:36:46.441+05:30  INFO 8933 --- [teamsync] [    Test worker] c.e.teamsync.TeamsyncApplicationTests    : Started TeamsyncApplicationTests in 8.876 seconds (process running for 9.721)
]]></system-out>
  <system-err><![CDATA[WARNING: A Java agent has been loaded dynamically (/home/user1/.gradle/caches/modules-2/files-2.1/net.bytebuddy/byte-buddy-agent/1.14.18/417558ea01fe9f0e8a94af28b9469d281c4e3984/byte-buddy-agent-1.14.18.jar)
WARNING: If a serviceability tool is in use, please run with -XX:+EnableDynamicAgentLoading to hide this warning
WARNING: If a serviceability tool is not in use, please run with -Djdk.instrument.traceUsage for more information
WARNING: Dynamic loading of agents will be disallowed by default in a future release
]]></system-err>
</testsuite>
