<?xml version="1.0" encoding="UTF-8"?>
<testsuite name="com.example.teamsync.service.ProjectServiceTest" tests="8" skipped="0" failures="0" errors="0" timestamp="2024-08-13T06:06:47" hostname="sysadmin-OptiPlex-3020" time="0.141">
  <properties/>
  <testcase name="testUpdateProjectNotFound()" classname="com.example.teamsync.service.ProjectServiceTest" time="0.071"/>
  <testcase name="testAddProjectEmployeeNotFound()" classname="com.example.teamsync.service.ProjectServiceTest" time="0.005"/>
  <testcase name="testUpdateProject()" classname="com.example.teamsync.service.ProjectServiceTest" time="0.005"/>
  <testcase name="testAddProject()" classname="com.example.teamsync.service.ProjectServiceTest" time="0.011"/>
  <testcase name="testDeleteProject()" classname="com.example.teamsync.service.ProjectServiceTest" time="0.003"/>
  <testcase name="testGetProjectById()" classname="com.example.teamsync.service.ProjectServiceTest" time="0.003"/>
  <testcase name="testGetAllProjects()" classname="com.example.teamsync.service.ProjectServiceTest" time="0.003"/>
  <testcase name="testGetProjectByIdNotFound()" classname="com.example.teamsync.service.ProjectServiceTest" time="0.003"/>
  <system-out><![CDATA[]]></system-out>
  <system-err><![CDATA[]]></system-err>
</testsuite>
