<?xml version="1.0" encoding="UTF-8"?>
<testsuite name="com.example.teamsync.service.EmployeeServiceTest" tests="3" skipped="0" failures="0" errors="0" timestamp="2024-08-13T06:06:47" hostname="sysadmin-OptiPlex-3020" time="0.088">
  <properties/>
  <testcase name="testDeleteEmployee()" classname="com.example.teamsync.service.EmployeeServiceTest" time="0.079"/>
  <testcase name="testCreateEmployee()" classname="com.example.teamsync.service.EmployeeServiceTest" time="0.003"/>
  <testcase name="testGetAllEmployees()" classname="com.example.teamsync.service.EmployeeServiceTest" time="0.003"/>
  <system-out><![CDATA[]]></system-out>
  <system-err><![CDATA[]]></system-err>
</testsuite>
